2020-06-15 00:24:46,234 INFO [org.springframework.web.context.ContextLoader] - <Root WebApplicationContext: initialization started>
2020-06-15 00:24:46,276 INFO [org.springframework.web.context.support.XmlWebApplicationContext] - <Refreshing Root WebApplicationContext: startup date [Mon Jun 15 00:24:46 CST 2020]; root of context hierarchy>
2020-06-15 00:24:46,330 INFO [org.springframework.beans.factory.xml.XmlBeanDefinitionReader] - <Loading XML bean definitions from class path resource [spring/manager-service-consumer.xml]>
2020-06-15 00:24:46,484 INFO [com.alibaba.dubbo.common.logger.LoggerFactory] - <using logger: com.alibaba.dubbo.common.logger.log4j.Log4jLoggerAdapter>
2020-06-15 00:24:46,718 INFO [org.springframework.web.context.ContextLoader] - <Root WebApplicationContext: initialization completed in 484 ms>
2020-06-15 00:24:46,768 INFO [org.springframework.web.servlet.DispatcherServlet] - <FrameworkServlet 'dispatcherServlet': initialization started>
2020-06-15 00:24:46,772 INFO [org.springframework.web.context.support.XmlWebApplicationContext] - <Refreshing WebApplicationContext for namespace 'dispatcherServlet-servlet': startup date [Mon Jun 15 00:24:46 CST 2020]; parent: Root WebApplicationContext>
2020-06-15 00:24:46,772 INFO [org.springframework.beans.factory.xml.XmlBeanDefinitionReader] - <Loading XML bean definitions from class path resource [spring/springmvc.xml]>
2020-06-15 00:24:47,067 INFO [org.springframework.beans.factory.annotation.AutowiredAnnotationBeanPostProcessor] - <JSR-330 'javax.inject.Inject' annotation found and supported for autowiring>
2020-06-15 00:24:47,715 INFO [org.springframework.web.servlet.mvc.method.annotation.RequestMappingHandlerAdapter] - <Looking for @ControllerAdvice: WebApplicationContext for namespace 'dispatcherServlet-servlet': startup date [Mon Jun 15 00:24:46 CST 2020]; parent: Root WebApplicationContext>
2020-06-15 00:24:47,775 INFO [org.springframework.web.servlet.mvc.method.annotation.RequestMappingHandlerAdapter] - <Looking for @ControllerAdvice: WebApplicationContext for namespace 'dispatcherServlet-servlet': startup date [Mon Jun 15 00:24:46 CST 2020]; parent: Root WebApplicationContext>
2020-06-15 00:24:47,852 INFO [org.springframework.web.servlet.mvc.method.annotation.RequestMappingHandlerAdapter] - <Looking for @ControllerAdvice: WebApplicationContext for namespace 'dispatcherServlet-servlet': startup date [Mon Jun 15 00:24:46 CST 2020]; parent: Root WebApplicationContext>
2020-06-15 00:24:47,918 INFO [org.springframework.web.servlet.handler.SimpleUrlHandlerMapping] - <Mapped URL path [/css/**] onto handler 'org.springframework.web.servlet.resource.ResourceHttpRequestHandler#0'>
2020-06-15 00:24:47,922 INFO [org.springframework.web.servlet.handler.SimpleUrlHandlerMapping] - <Mapped URL path [/img/**] onto handler 'org.springframework.web.servlet.resource.ResourceHttpRequestHandler#1'>
2020-06-15 00:24:47,925 INFO [org.springframework.web.servlet.handler.SimpleUrlHandlerMapping] - <Mapped URL path [/js/**] onto handler 'org.springframework.web.servlet.resource.ResourceHttpRequestHandler#2'>
2020-06-15 00:24:48,027 INFO [org.springframework.web.servlet.DispatcherServlet] - <FrameworkServlet 'dispatcherServlet': initialization completed in 1259 ms>
2020-06-15 00:24:51,133 WARN [org.springframework.web.servlet.PageNotFound] - <No mapping found for HTTP request with URI [/] in DispatcherServlet with name 'dispatcherServlet'>
2020-06-15 00:24:51,473 WARN [org.springframework.web.servlet.PageNotFound] - <No mapping found for HTTP request with URI [/favicon.ico] in DispatcherServlet with name 'dispatcherServlet'>
2020-06-15 00:25:28,941 WARN [org.springframework.web.servlet.PageNotFound] - <No mapping found for HTTP request with URI [/] in DispatcherServlet with name 'dispatcherServlet'>
2020-06-15 00:25:29,656 WARN [org.springframework.web.servlet.PageNotFound] - <No mapping found for HTTP request with URI [/] in DispatcherServlet with name 'dispatcherServlet'>
2020-06-15 00:25:40,516 INFO [org.springframework.web.context.ContextLoader] - <Root WebApplicationContext: initialization started>
2020-06-15 00:25:40,560 INFO [org.springframework.web.context.support.XmlWebApplicationContext] - <Refreshing Root WebApplicationContext: startup date [Mon Jun 15 00:25:40 CST 2020]; root of context hierarchy>
2020-06-15 00:25:40,597 INFO [org.springframework.beans.factory.xml.XmlBeanDefinitionReader] - <Loading XML bean definitions from class path resource [spring/manager-service-consumer.xml]>
2020-06-15 00:25:40,710 INFO [com.alibaba.dubbo.common.logger.LoggerFactory] - <using logger: com.alibaba.dubbo.common.logger.log4j.Log4jLoggerAdapter>
2020-06-15 00:25:40,901 INFO [org.springframework.web.context.ContextLoader] - <Root WebApplicationContext: initialization completed in 385 ms>
2020-06-15 00:25:40,998 INFO [org.springframework.web.servlet.DispatcherServlet] - <FrameworkServlet 'dispatcherServlet': initialization started>
2020-06-15 00:25:41,005 INFO [org.springframework.web.context.support.XmlWebApplicationContext] - <Refreshing WebApplicationContext for namespace 'dispatcherServlet-servlet': startup date [Mon Jun 15 00:25:41 CST 2020]; parent: Root WebApplicationContext>
2020-06-15 00:25:41,005 INFO [org.springframework.beans.factory.xml.XmlBeanDefinitionReader] - <Loading XML bean definitions from class path resource [spring/springmvc.xml]>
2020-06-15 00:25:41,334 INFO [org.springframework.beans.factory.annotation.AutowiredAnnotationBeanPostProcessor] - <JSR-330 'javax.inject.Inject' annotation found and supported for autowiring>
2020-06-15 00:25:41,977 INFO [org.springframework.web.servlet.mvc.method.annotation.RequestMappingHandlerAdapter] - <Looking for @ControllerAdvice: WebApplicationContext for namespace 'dispatcherServlet-servlet': startup date [Mon Jun 15 00:25:41 CST 2020]; parent: Root WebApplicationContext>
2020-06-15 00:25:42,041 INFO [org.springframework.web.servlet.mvc.method.annotation.RequestMappingHandlerAdapter] - <Looking for @ControllerAdvice: WebApplicationContext for namespace 'dispatcherServlet-servlet': startup date [Mon Jun 15 00:25:41 CST 2020]; parent: Root WebApplicationContext>
2020-06-15 00:25:42,124 INFO [org.springframework.web.servlet.mvc.method.annotation.RequestMappingHandlerAdapter] - <Looking for @ControllerAdvice: WebApplicationContext for namespace 'dispatcherServlet-servlet': startup date [Mon Jun 15 00:25:41 CST 2020]; parent: Root WebApplicationContext>
2020-06-15 00:25:42,195 INFO [org.springframework.web.servlet.handler.SimpleUrlHandlerMapping] - <Mapped URL path [/css/**] onto handler 'org.springframework.web.servlet.resource.ResourceHttpRequestHandler#0'>
2020-06-15 00:25:42,198 INFO [org.springframework.web.servlet.handler.SimpleUrlHandlerMapping] - <Mapped URL path [/img/**] onto handler 'org.springframework.web.servlet.resource.ResourceHttpRequestHandler#1'>
2020-06-15 00:25:42,202 INFO [org.springframework.web.servlet.handler.SimpleUrlHandlerMapping] - <Mapped URL path [/js/**] onto handler 'org.springframework.web.servlet.resource.ResourceHttpRequestHandler#2'>
2020-06-15 00:25:42,310 INFO [org.springframework.web.servlet.DispatcherServlet] - <FrameworkServlet 'dispatcherServlet': initialization completed in 1312 ms>
2020-06-15 00:25:48,200 WARN [org.springframework.web.servlet.PageNotFound] - <No mapping found for HTTP request with URI [/images/html/logo_word.jpg] in DispatcherServlet with name 'dispatcherServlet'>
2020-06-15 00:25:48,200 WARN [org.springframework.web.servlet.PageNotFound] - <No mapping found for HTTP request with URI [/images/html/20160829181637762.gif] in DispatcherServlet with name 'dispatcherServlet'>
2020-06-15 00:25:48,279 WARN [org.springframework.web.servlet.PageNotFound] - <No mapping found for HTTP request with URI [/images/html/1463455028.jpg] in DispatcherServlet with name 'dispatcherServlet'>
2020-06-15 00:25:48,281 WARN [org.springframework.web.servlet.PageNotFound] - <No mapping found for HTTP request with URI [/images/html/1471311447.jpg] in DispatcherServlet with name 'dispatcherServlet'>
2020-06-15 00:25:48,281 WARN [org.springframework.web.servlet.PageNotFound] - <No mapping found for HTTP request with URI [/images/html/1463456854.jpg] in DispatcherServlet with name 'dispatcherServlet'>
2020-06-15 00:25:48,281 WARN [org.springframework.web.servlet.PageNotFound] - <No mapping found for HTTP request with URI [/images/html/1468837571.jpg] in DispatcherServlet with name 'dispatcherServlet'>
2020-06-15 00:25:48,281 WARN [org.springframework.web.servlet.PageNotFound] - <No mapping found for HTTP request with URI [/images/html/1472521250.jpg] in DispatcherServlet with name 'dispatcherServlet'>
2020-06-15 00:25:48,283 WARN [org.springframework.web.servlet.PageNotFound] - <No mapping found for HTTP request with URI [/images/html/1472521203.jpg] in DispatcherServlet with name 'dispatcherServlet'>
2020-06-15 00:25:48,291 WARN [org.springframework.web.servlet.PageNotFound] - <No mapping found for HTTP request with URI [/images/html/1471311388.jpg] in DispatcherServlet with name 'dispatcherServlet'>
2020-06-15 00:25:48,291 WARN [org.springframework.web.servlet.PageNotFound] - <No mapping found for HTTP request with URI [/images/html/1472521236.jpg] in DispatcherServlet with name 'dispatcherServlet'>
2020-06-15 00:25:48,291 WARN [org.springframework.web.servlet.PageNotFound] - <No mapping found for HTTP request with URI [/images/html/7a80fda907bf5107f6967add2a304a51.jpg] in DispatcherServlet with name 'dispatcherServlet'>
2020-06-15 00:25:48,291 WARN [org.springframework.web.servlet.PageNotFound] - <No mapping found for HTTP request with URI [/images/html/ddf3f66b114f3a3bfbbe0b47693cdbf0.jpg] in DispatcherServlet with name 'dispatcherServlet'>
2020-06-15 00:25:48,291 WARN [org.springframework.web.servlet.PageNotFound] - <No mapping found for HTTP request with URI [/images/html/51e357022c1f826f13211222831a4b13.jpg] in DispatcherServlet with name 'dispatcherServlet'>
2020-06-15 00:25:48,292 WARN [org.springframework.web.servlet.PageNotFound] - <No mapping found for HTTP request with URI [/images/html/838abc2055e36f423701de255bbc9914.jpg] in DispatcherServlet with name 'dispatcherServlet'>
2020-06-15 00:25:48,300 WARN [org.springframework.web.servlet.PageNotFound] - <No mapping found for HTTP request with URI [/images/html/49111b8189bf71370cdb145f8fdb1195.jpg] in DispatcherServlet with name 'dispatcherServlet'>
2020-06-15 00:25:48,300 WARN [org.springframework.web.servlet.PageNotFound] - <No mapping found for HTTP request with URI [/images/html/2a3ba6ffb33d8fca0dc848f94e3d99d8.jpg] in DispatcherServlet with name 'dispatcherServlet'>
2020-06-15 00:25:48,300 WARN [org.springframework.web.servlet.PageNotFound] - <No mapping found for HTTP request with URI [/images/html/cf33d7d36f1128577782ded21fe812a9.jpg] in DispatcherServlet with name 'dispatcherServlet'>
2020-06-15 00:25:48,300 WARN [org.springframework.web.servlet.PageNotFound] - <No mapping found for HTTP request with URI [/images/html/95256f5b2857ec28914f631532508d76.jpg] in DispatcherServlet with name 'dispatcherServlet'>
2020-06-15 00:25:48,303 WARN [org.springframework.web.servlet.PageNotFound] - <No mapping found for HTTP request with URI [/images/html/c3449a684bebe21f5b6c6c79e46791ff.jpg] in DispatcherServlet with name 'dispatcherServlet'>
2020-06-15 00:25:48,304 WARN [org.springframework.web.servlet.PageNotFound] - <No mapping found for HTTP request with URI [/images/html/042cc65a4fb9899878f2f37235ca1793.jpg] in DispatcherServlet with name 'dispatcherServlet'>
2020-06-15 00:25:48,308 WARN [org.springframework.web.servlet.PageNotFound] - <No mapping found for HTTP request with URI [/images/goods/c11e0d59289782b09ea1cbcb98070017.jpg] in DispatcherServlet with name 'dispatcherServlet'>
2020-06-15 00:25:48,308 WARN [org.springframework.web.servlet.PageNotFound] - <No mapping found for HTTP request with URI [/images/goods/7cc96c14e10f6ed8db28b4b1efdfdb07.jpg] in DispatcherServlet with name 'dispatcherServlet'>
2020-06-15 00:25:48,310 WARN [org.springframework.web.servlet.PageNotFound] - <No mapping found for HTTP request with URI [/images/goods/8f42d6d2deead3da7d50c8a702a3c939.jpg] in DispatcherServlet with name 'dispatcherServlet'>
2020-06-15 00:25:48,310 WARN [org.springframework.web.servlet.PageNotFound] - <No mapping found for HTTP request with URI [/images/goods/751d2091c008c2a49c1934545730f041.jpg] in DispatcherServlet with name 'dispatcherServlet'>
2020-06-15 00:25:48,314 WARN [org.springframework.web.servlet.PageNotFound] - <No mapping found for HTTP request with URI [/images/goods/26336113289bf7273823080488a9d200.jpg] in DispatcherServlet with name 'dispatcherServlet'>
2020-06-15 00:25:48,317 WARN [org.springframework.web.servlet.PageNotFound] - <No mapping found for HTTP request with URI [/images/goods/160x160-1.jpg] in DispatcherServlet with name 'dispatcherServlet'>
2020-06-15 00:25:48,318 WARN [org.springframework.web.servlet.PageNotFound] - <No mapping found for HTTP request with URI [/images/goods/160x160-3.jpg] in DispatcherServlet with name 'dispatcherServlet'>
2020-06-15 00:25:48,317 WARN [org.springframework.web.servlet.PageNotFound] - <No mapping found for HTTP request with URI [/images/goods/160x160-2.jpg] in DispatcherServlet with name 'dispatcherServlet'>
2020-06-15 00:25:48,319 WARN [org.springframework.web.servlet.PageNotFound] - <No mapping found for HTTP request with URI [/images/goods/160x160-4.jpg] in DispatcherServlet with name 'dispatcherServlet'>
2020-06-15 00:25:48,320 WARN [org.springframework.web.servlet.PageNotFound] - <No mapping found for HTTP request with URI [/images/goods/160x160-5.jpg] in DispatcherServlet with name 'dispatcherServlet'>
2020-06-15 00:25:48,325 WARN [org.springframework.web.servlet.PageNotFound] - <No mapping found for HTTP request with URI [/images/goods/160x160-6.jpg] in DispatcherServlet with name 'dispatcherServlet'>
2020-06-15 00:25:48,330 WARN [org.springframework.web.servlet.PageNotFound] - <No mapping found for HTTP request with URI [/images/goods/160x160-7.jpg] in DispatcherServlet with name 'dispatcherServlet'>
2020-06-15 00:25:48,330 WARN [org.springframework.web.servlet.PageNotFound] - <No mapping found for HTTP request with URI [/images/goods/160x160-8.jpg] in DispatcherServlet with name 'dispatcherServlet'>
2020-06-15 00:25:48,330 WARN [org.springframework.web.servlet.PageNotFound] - <No mapping found for HTTP request with URI [/images/kxicon.jpg] in DispatcherServlet with name 'dispatcherServlet'>
2020-06-15 00:25:48,331 WARN [org.springframework.web.servlet.PageNotFound] - <No mapping found for HTTP request with URI [/images/bottom_sm.png] in DispatcherServlet with name 'dispatcherServlet'>
2020-06-15 00:25:48,331 WARN [org.springframework.web.servlet.PageNotFound] - <No mapping found for HTTP request with URI [/images/header.png] in DispatcherServlet with name 'dispatcherServlet'>
2020-06-15 00:25:48,338 WARN [org.springframework.web.servlet.PageNotFound] - <No mapping found for HTTP request with URI [/images/logo66.png] in DispatcherServlet with name 'dispatcherServlet'>
2020-06-15 00:25:48,338 WARN [org.springframework.web.servlet.PageNotFound] - <No mapping found for HTTP request with URI [/images/cate_bg.jpg] in DispatcherServlet with name 'dispatcherServlet'>
2020-06-15 00:25:48,338 WARN [org.springframework.web.servlet.PageNotFound] - <No mapping found for HTTP request with URI [/images/left_lm_m_a.png] in DispatcherServlet with name 'dispatcherServlet'>
2020-06-15 00:25:48,338 WARN [org.springframework.web.servlet.PageNotFound] - <No mapping found for HTTP request with URI [/images/g_loading.png] in DispatcherServlet with name 'dispatcherServlet'>
2020-06-15 00:25:48,338 WARN [org.springframework.web.servlet.PageNotFound] - <No mapping found for HTTP request with URI [/images/index_icon_new.png] in DispatcherServlet with name 'dispatcherServlet'>
2020-06-15 00:25:48,338 WARN [org.springframework.web.servlet.PageNotFound] - <No mapping found for HTTP request with URI [/images/indexsprite.png] in DispatcherServlet with name 'dispatcherServlet'>
2020-06-15 00:25:48,346 WARN [org.springframework.web.servlet.PageNotFound] - <No mapping found for HTTP request with URI [/images/foot/cd.jpg] in DispatcherServlet with name 'dispatcherServlet'>
2020-06-15 00:25:48,346 WARN [org.springframework.web.servlet.PageNotFound] - <No mapping found for HTTP request with URI [/images/foot/logo.jpg] in DispatcherServlet with name 'dispatcherServlet'>
2020-06-15 00:25:48,346 WARN [org.springframework.web.servlet.PageNotFound] - <No mapping found for HTTP request with URI [/images/foot/qc.jpg] in DispatcherServlet with name 'dispatcherServlet'>
2020-06-15 00:25:48,346 WARN [org.springframework.web.servlet.PageNotFound] - <No mapping found for HTTP request with URI [/images/foot/sf.jpg] in DispatcherServlet with name 'dispatcherServlet'>
2020-06-15 00:25:48,346 WARN [org.springframework.web.servlet.PageNotFound] - <No mapping found for HTTP request with URI [/images/foot/qq.jpg] in DispatcherServlet with name 'dispatcherServlet'>
2020-06-15 00:25:48,346 WARN [org.springframework.web.servlet.PageNotFound] - <No mapping found for HTTP request with URI [/images/foot_bottom.png] in DispatcherServlet with name 'dispatcherServlet'>
2020-06-15 00:25:51,536 WARN [org.springframework.web.servlet.PageNotFound] - <No mapping found for HTTP request with URI [/images/index_icon_new.png] in DispatcherServlet with name 'dispatcherServlet'>
2020-06-15 00:25:56,583 WARN [org.springframework.web.servlet.PageNotFound] - <No mapping found for HTTP request with URI [/images/left_lm_m.png] in DispatcherServlet with name 'dispatcherServlet'>
2020-06-15 00:25:56,590 WARN [org.springframework.web.servlet.PageNotFound] - <No mapping found for HTTP request with URI [/images/index_icon_new.png] in DispatcherServlet with name 'dispatcherServlet'>
2020-06-15 00:26:02,451 WARN [org.springframework.web.servlet.PageNotFound] - <No mapping found for HTTP request with URI [/html/web/card.html] in DispatcherServlet with name 'dispatcherServlet'>
2020-06-15 00:26:26,830 WARN [org.springframework.web.servlet.PageNotFound] - <No mapping found for HTTP request with URI [/images/left_lm_m.png] in DispatcherServlet with name 'dispatcherServlet'>
2020-06-15 00:26:26,850 WARN [org.springframework.web.servlet.PageNotFound] - <No mapping found for HTTP request with URI [/images/left_lm_m.png] in DispatcherServlet with name 'dispatcherServlet'>
2020-06-15 00:26:26,870 WARN [org.springframework.web.servlet.PageNotFound] - <No mapping found for HTTP request with URI [/images/left_lm_m.png] in DispatcherServlet with name 'dispatcherServlet'>
2020-06-15 00:28:57,155 WARN [org.springframework.web.servlet.PageNotFound] - <No mapping found for HTTP request with URI [/images/html/20160829181637762.gif] in DispatcherServlet with name 'dispatcherServlet'>
2020-06-15 00:28:57,155 WARN [org.springframework.web.servlet.PageNotFound] - <No mapping found for HTTP request with URI [/images/html/logo_word.jpg] in DispatcherServlet with name 'dispatcherServlet'>
2020-06-15 00:28:57,248 WARN [org.springframework.web.servlet.PageNotFound] - <No mapping found for HTTP request with URI [/images/html/1463455028.jpg] in DispatcherServlet with name 'dispatcherServlet'>
2020-06-15 00:28:57,253 WARN [org.springframework.web.servlet.PageNotFound] - <No mapping found for HTTP request with URI [/images/html/1463456854.jpg] in DispatcherServlet with name 'dispatcherServlet'>
2020-06-15 00:28:57,254 WARN [org.springframework.web.servlet.PageNotFound] - <No mapping found for HTTP request with URI [/images/html/1468837571.jpg] in DispatcherServlet with name 'dispatcherServlet'>
2020-06-15 00:28:57,254 WARN [org.springframework.web.servlet.PageNotFound] - <No mapping found for HTTP request with URI [/images/html/1471311447.jpg] in DispatcherServlet with name 'dispatcherServlet'>
2020-06-15 00:28:57,254 WARN [org.springframework.web.servlet.PageNotFound] - <No mapping found for HTTP request with URI [/images/html/1472521250.jpg] in DispatcherServlet with name 'dispatcherServlet'>
2020-06-15 00:28:57,255 WARN [org.springframework.web.servlet.PageNotFound] - <No mapping found for HTTP request with URI [/images/html/1472521203.jpg] in DispatcherServlet with name 'dispatcherServlet'>
2020-06-15 00:28:57,268 WARN [org.springframework.web.servlet.PageNotFound] - <No mapping found for HTTP request with URI [/images/html/1472521236.jpg] in DispatcherServlet with name 'dispatcherServlet'>
2020-06-15 00:28:57,270 WARN [org.springframework.web.servlet.PageNotFound] - <No mapping found for HTTP request with URI [/images/html/1471311388.jpg] in DispatcherServlet with name 'dispatcherServlet'>
2020-06-15 00:28:57,271 WARN [org.springframework.web.servlet.PageNotFound] - <No mapping found for HTTP request with URI [/images/html/7a80fda907bf5107f6967add2a304a51.jpg] in DispatcherServlet with name 'dispatcherServlet'>
2020-06-15 00:28:57,274 WARN [org.springframework.web.servlet.PageNotFound] - <No mapping found for HTTP request with URI [/images/logo66.png] in DispatcherServlet with name 'dispatcherServlet'>
2020-06-15 00:28:57,274 WARN [org.springframework.web.servlet.PageNotFound] - <No mapping found for HTTP request with URI [/images/cate_bg.jpg] in DispatcherServlet with name 'dispatcherServlet'>
2020-06-15 00:28:57,275 WARN [org.springframework.web.servlet.PageNotFound] - <No mapping found for HTTP request with URI [/images/html/ddf3f66b114f3a3bfbbe0b47693cdbf0.jpg] in DispatcherServlet with name 'dispatcherServlet'>
2020-06-15 00:28:57,278 WARN [org.springframework.web.servlet.PageNotFound] - <No mapping found for HTTP request with URI [/images/left_lm_m_a.png] in DispatcherServlet with name 'dispatcherServlet'>
2020-06-15 00:28:57,278 WARN [org.springframework.web.servlet.PageNotFound] - <No mapping found for HTTP request with URI [/images/html/51e357022c1f826f13211222831a4b13.jpg] in DispatcherServlet with name 'dispatcherServlet'>
2020-06-15 00:28:57,286 WARN [org.springframework.web.servlet.PageNotFound] - <No mapping found for HTTP request with URI [/images/html/838abc2055e36f423701de255bbc9914.jpg] in DispatcherServlet with name 'dispatcherServlet'>
2020-06-15 00:28:57,286 WARN [org.springframework.web.servlet.PageNotFound] - <No mapping found for HTTP request with URI [/images/html/95256f5b2857ec28914f631532508d76.jpg] in DispatcherServlet with name 'dispatcherServlet'>
2020-06-15 00:28:57,290 WARN [org.springframework.web.servlet.PageNotFound] - <No mapping found for HTTP request with URI [/images/html/cf33d7d36f1128577782ded21fe812a9.jpg] in DispatcherServlet with name 'dispatcherServlet'>
2020-06-15 00:28:57,290 WARN [org.springframework.web.servlet.PageNotFound] - <No mapping found for HTTP request with URI [/images/html/49111b8189bf71370cdb145f8fdb1195.jpg] in DispatcherServlet with name 'dispatcherServlet'>
2020-06-15 00:28:57,291 WARN [org.springframework.web.servlet.PageNotFound] - <No mapping found for HTTP request with URI [/images/html/2a3ba6ffb33d8fca0dc848f94e3d99d8.jpg] in DispatcherServlet with name 'dispatcherServlet'>
2020-06-15 00:28:57,291 WARN [org.springframework.web.servlet.PageNotFound] - <No mapping found for HTTP request with URI [/images/html/c3449a684bebe21f5b6c6c79e46791ff.jpg] in DispatcherServlet with name 'dispatcherServlet'>
2020-06-15 00:28:57,299 WARN [org.springframework.web.servlet.PageNotFound] - <No mapping found for HTTP request with URI [/images/html/042cc65a4fb9899878f2f37235ca1793.jpg] in DispatcherServlet with name 'dispatcherServlet'>
2020-06-15 00:28:57,301 WARN [org.springframework.web.servlet.PageNotFound] - <No mapping found for HTTP request with URI [/images/goods/c11e0d59289782b09ea1cbcb98070017.jpg] in DispatcherServlet with name 'dispatcherServlet'>
2020-06-15 00:28:57,303 WARN [org.springframework.web.servlet.PageNotFound] - <No mapping found for HTTP request with URI [/images/goods/7cc96c14e10f6ed8db28b4b1efdfdb07.jpg] in DispatcherServlet with name 'dispatcherServlet'>
2020-06-15 00:28:57,303 WARN [org.springframework.web.servlet.PageNotFound] - <No mapping found for HTTP request with URI [/images/goods/751d2091c008c2a49c1934545730f041.jpg] in DispatcherServlet with name 'dispatcherServlet'>
2020-06-15 00:28:57,308 WARN [org.springframework.web.servlet.PageNotFound] - <No mapping found for HTTP request with URI [/images/goods/8f42d6d2deead3da7d50c8a702a3c939.jpg] in DispatcherServlet with name 'dispatcherServlet'>
2020-06-15 00:28:57,308 WARN [org.springframework.web.servlet.PageNotFound] - <No mapping found for HTTP request with URI [/images/goods/26336113289bf7273823080488a9d200.jpg] in DispatcherServlet with name 'dispatcherServlet'>
2020-06-15 00:28:57,310 WARN [org.springframework.web.servlet.PageNotFound] - <No mapping found for HTTP request with URI [/images/goods/160x160-1.jpg] in DispatcherServlet with name 'dispatcherServlet'>
2020-06-15 00:28:57,312 WARN [org.springframework.web.servlet.PageNotFound] - <No mapping found for HTTP request with URI [/images/goods/160x160-2.jpg] in DispatcherServlet with name 'dispatcherServlet'>
2020-06-15 00:28:57,325 WARN [org.springframework.web.servlet.PageNotFound] - <No mapping found for HTTP request with URI [/images/goods/160x160-3.jpg] in DispatcherServlet with name 'dispatcherServlet'>
2020-06-15 00:28:57,325 WARN [org.springframework.web.servlet.PageNotFound] - <No mapping found for HTTP request with URI [/images/goods/160x160-4.jpg] in DispatcherServlet with name 'dispatcherServlet'>
2020-06-15 00:28:57,326 WARN [org.springframework.web.servlet.PageNotFound] - <No mapping found for HTTP request with URI [/images/goods/160x160-5.jpg] in DispatcherServlet with name 'dispatcherServlet'>
2020-06-15 00:28:57,327 WARN [org.springframework.web.servlet.PageNotFound] - <No mapping found for HTTP request with URI [/images/goods/160x160-6.jpg] in DispatcherServlet with name 'dispatcherServlet'>
2020-06-15 00:28:57,327 WARN [org.springframework.web.servlet.PageNotFound] - <No mapping found for HTTP request with URI [/images/goods/160x160-7.jpg] in DispatcherServlet with name 'dispatcherServlet'>
2020-06-15 00:28:57,334 WARN [org.springframework.web.servlet.PageNotFound] - <No mapping found for HTTP request with URI [/images/goods/160x160-8.jpg] in DispatcherServlet with name 'dispatcherServlet'>
2020-06-15 00:28:57,336 WARN [org.springframework.web.servlet.PageNotFound] - <No mapping found for HTTP request with URI [/images/kxicon.jpg] in DispatcherServlet with name 'dispatcherServlet'>
2020-06-15 00:28:57,337 WARN [org.springframework.web.servlet.PageNotFound] - <No mapping found for HTTP request with URI [/images/bottom_sm.png] in DispatcherServlet with name 'dispatcherServlet'>
2020-06-15 00:28:57,338 WARN [org.springframework.web.servlet.PageNotFound] - <No mapping found for HTTP request with URI [/images/header.png] in DispatcherServlet with name 'dispatcherServlet'>
2020-06-15 00:28:57,339 WARN [org.springframework.web.servlet.PageNotFound] - <No mapping found for HTTP request with URI [/images/index_icon_new.png] in DispatcherServlet with name 'dispatcherServlet'>
2020-06-15 00:28:57,339 WARN [org.springframework.web.servlet.PageNotFound] - <No mapping found for HTTP request with URI [/images/g_loading.png] in DispatcherServlet with name 'dispatcherServlet'>
2020-06-15 00:28:57,346 WARN [org.springframework.web.servlet.PageNotFound] - <No mapping found for HTTP request with URI [/images/foot/qq.jpg] in DispatcherServlet with name 'dispatcherServlet'>
2020-06-15 00:28:57,347 WARN [org.springframework.web.servlet.PageNotFound] - <No mapping found for HTTP request with URI [/images/foot/cd.jpg] in DispatcherServlet with name 'dispatcherServlet'>
2020-06-15 00:28:57,346 WARN [org.springframework.web.servlet.PageNotFound] - <No mapping found for HTTP request with URI [/images/indexsprite.png] in DispatcherServlet with name 'dispatcherServlet'>
2020-06-15 00:28:57,350 WARN [org.springframework.web.servlet.PageNotFound] - <No mapping found for HTTP request with URI [/images/foot/qc.jpg] in DispatcherServlet with name 'dispatcherServlet'>
2020-06-15 00:28:57,351 WARN [org.springframework.web.servlet.PageNotFound] - <No mapping found for HTTP request with URI [/images/foot/sf.jpg] in DispatcherServlet with name 'dispatcherServlet'>
2020-06-15 00:28:57,354 WARN [org.springframework.web.servlet.PageNotFound] - <No mapping found for HTTP request with URI [/images/foot/logo.jpg] in DispatcherServlet with name 'dispatcherServlet'>
2020-06-15 00:28:57,356 WARN [org.springframework.web.servlet.PageNotFound] - <No mapping found for HTTP request with URI [/images/foot_bottom.png] in DispatcherServlet with name 'dispatcherServlet'>
2020-06-15 00:28:58,356 WARN [org.springframework.web.servlet.PageNotFound] - <No mapping found for HTTP request with URI [/images/html/20160829181637762.gif] in DispatcherServlet with name 'dispatcherServlet'>
2020-06-15 00:28:58,374 WARN [org.springframework.web.servlet.PageNotFound] - <No mapping found for HTTP request with URI [/images/html/logo_word.jpg] in DispatcherServlet with name 'dispatcherServlet'>
2020-06-15 00:28:58,374 WARN [org.springframework.web.servlet.PageNotFound] - <No mapping found for HTTP request with URI [/images/html/1463455028.jpg] in DispatcherServlet with name 'dispatcherServlet'>
2020-06-15 00:28:58,444 WARN [org.springframework.web.servlet.PageNotFound] - <No mapping found for HTTP request with URI [/images/html/1463456854.jpg] in DispatcherServlet with name 'dispatcherServlet'>
2020-06-15 00:28:58,448 WARN [org.springframework.web.servlet.PageNotFound] - <No mapping found for HTTP request with URI [/images/html/1468837571.jpg] in DispatcherServlet with name 'dispatcherServlet'>
2020-06-15 00:28:58,448 WARN [org.springframework.web.servlet.PageNotFound] - <No mapping found for HTTP request with URI [/images/html/1471311447.jpg] in DispatcherServlet with name 'dispatcherServlet'>
2020-06-15 00:28:58,449 WARN [org.springframework.web.servlet.PageNotFound] - <No mapping found for HTTP request with URI [/images/html/1472521250.jpg] in DispatcherServlet with name 'dispatcherServlet'>
2020-06-15 00:28:58,450 WARN [org.springframework.web.servlet.PageNotFound] - <No mapping found for HTTP request with URI [/images/html/1472521203.jpg] in DispatcherServlet with name 'dispatcherServlet'>
2020-06-15 00:28:58,450 WARN [org.springframework.web.servlet.PageNotFound] - <No mapping found for HTTP request with URI [/images/html/1472521236.jpg] in DispatcherServlet with name 'dispatcherServlet'>
2020-06-15 00:28:58,459 WARN [org.springframework.web.servlet.PageNotFound] - <No mapping found for HTTP request with URI [/images/html/1471311388.jpg] in DispatcherServlet with name 'dispatcherServlet'>
2020-06-15 00:28:58,459 WARN [org.springframework.web.servlet.PageNotFound] - <No mapping found for HTTP request with URI [/images/html/7a80fda907bf5107f6967add2a304a51.jpg] in DispatcherServlet with name 'dispatcherServlet'>
2020-06-15 00:28:58,462 WARN [org.springframework.web.servlet.PageNotFound] - <No mapping found for HTTP request with URI [/images/html/ddf3f66b114f3a3bfbbe0b47693cdbf0.jpg] in DispatcherServlet with name 'dispatcherServlet'>
2020-06-15 00:28:58,463 WARN [org.springframework.web.servlet.PageNotFound] - <No mapping found for HTTP request with URI [/images/html/51e357022c1f826f13211222831a4b13.jpg] in DispatcherServlet with name 'dispatcherServlet'>
2020-06-15 00:28:58,464 WARN [org.springframework.web.servlet.PageNotFound] - <No mapping found for HTTP request with URI [/images/html/838abc2055e36f423701de255bbc9914.jpg] in DispatcherServlet with name 'dispatcherServlet'>
2020-06-15 00:28:58,466 WARN [org.springframework.web.servlet.PageNotFound] - <No mapping found for HTTP request with URI [/images/html/95256f5b2857ec28914f631532508d76.jpg] in DispatcherServlet with name 'dispatcherServlet'>
2020-06-15 00:28:58,473 WARN [org.springframework.web.servlet.PageNotFound] - <No mapping found for HTTP request with URI [/images/html/49111b8189bf71370cdb145f8fdb1195.jpg] in DispatcherServlet with name 'dispatcherServlet'>
2020-06-15 00:28:58,478 WARN [org.springframework.web.servlet.PageNotFound] - <No mapping found for HTTP request with URI [/images/html/cf33d7d36f1128577782ded21fe812a9.jpg] in DispatcherServlet with name 'dispatcherServlet'>
2020-06-15 00:28:58,479 WARN [org.springframework.web.servlet.PageNotFound] - <No mapping found for HTTP request with URI [/images/html/c3449a684bebe21f5b6c6c79e46791ff.jpg] in DispatcherServlet with name 'dispatcherServlet'>
2020-06-15 00:28:58,480 WARN [org.springframework.web.servlet.PageNotFound] - <No mapping found for HTTP request with URI [/images/html/2a3ba6ffb33d8fca0dc848f94e3d99d8.jpg] in DispatcherServlet with name 'dispatcherServlet'>
2020-06-15 00:28:58,483 WARN [org.springframework.web.servlet.PageNotFound] - <No mapping found for HTTP request with URI [/images/html/042cc65a4fb9899878f2f37235ca1793.jpg] in DispatcherServlet with name 'dispatcherServlet'>
2020-06-15 00:28:58,483 WARN [org.springframework.web.servlet.PageNotFound] - <No mapping found for HTTP request with URI [/images/goods/c11e0d59289782b09ea1cbcb98070017.jpg] in DispatcherServlet with name 'dispatcherServlet'>
2020-06-15 00:28:58,488 WARN [org.springframework.web.servlet.PageNotFound] - <No mapping found for HTTP request with URI [/images/goods/7cc96c14e10f6ed8db28b4b1efdfdb07.jpg] in DispatcherServlet with name 'dispatcherServlet'>
2020-06-15 00:28:58,488 WARN [org.springframework.web.servlet.PageNotFound] - <No mapping found for HTTP request with URI [/images/cate_bg.jpg] in DispatcherServlet with name 'dispatcherServlet'>
2020-06-15 00:28:58,489 WARN [org.springframework.web.servlet.PageNotFound] - <No mapping found for HTTP request with URI [/images/logo66.png] in DispatcherServlet with name 'dispatcherServlet'>
2020-06-15 00:28:58,488 WARN [org.springframework.web.servlet.PageNotFound] - <No mapping found for HTTP request with URI [/images/left_lm_m_a.png] in DispatcherServlet with name 'dispatcherServlet'>
2020-06-15 00:28:58,492 WARN [org.springframework.web.servlet.PageNotFound] - <No mapping found for HTTP request with URI [/images/goods/751d2091c008c2a49c1934545730f041.jpg] in DispatcherServlet with name 'dispatcherServlet'>
2020-06-15 00:28:58,497 WARN [org.springframework.web.servlet.PageNotFound] - <No mapping found for HTTP request with URI [/images/goods/8f42d6d2deead3da7d50c8a702a3c939.jpg] in DispatcherServlet with name 'dispatcherServlet'>
2020-06-15 00:28:58,499 WARN [org.springframework.web.servlet.PageNotFound] - <No mapping found for HTTP request with URI [/images/goods/26336113289bf7273823080488a9d200.jpg] in DispatcherServlet with name 'dispatcherServlet'>
2020-06-15 00:28:58,499 WARN [org.springframework.web.servlet.PageNotFound] - <No mapping found for HTTP request with URI [/images/goods/160x160-1.jpg] in DispatcherServlet with name 'dispatcherServlet'>
2020-06-15 00:28:58,499 WARN [org.springframework.web.servlet.PageNotFound] - <No mapping found for HTTP request with URI [/images/goods/160x160-2.jpg] in DispatcherServlet with name 'dispatcherServlet'>
2020-06-15 00:28:58,504 WARN [org.springframework.web.servlet.PageNotFound] - <No mapping found for HTTP request with URI [/images/goods/160x160-3.jpg] in DispatcherServlet with name 'dispatcherServlet'>
2020-06-15 00:28:58,509 WARN [org.springframework.web.servlet.PageNotFound] - <No mapping found for HTTP request with URI [/images/goods/160x160-5.jpg] in DispatcherServlet with name 'dispatcherServlet'>
2020-06-15 00:28:58,509 WARN [org.springframework.web.servlet.PageNotFound] - <No mapping found for HTTP request with URI [/images/goods/160x160-4.jpg] in DispatcherServlet with name 'dispatcherServlet'>
2020-06-15 00:28:58,513 WARN [org.springframework.web.servlet.PageNotFound] - <No mapping found for HTTP request with URI [/images/goods/160x160-6.jpg] in DispatcherServlet with name 'dispatcherServlet'>
2020-06-15 00:28:58,515 WARN [org.springframework.web.servlet.PageNotFound] - <No mapping found for HTTP request with URI [/images/goods/160x160-7.jpg] in DispatcherServlet with name 'dispatcherServlet'>
2020-06-15 00:28:58,519 WARN [org.springframework.web.servlet.PageNotFound] - <No mapping found for HTTP request with URI [/images/goods/160x160-8.jpg] in DispatcherServlet with name 'dispatcherServlet'>
2020-06-15 00:28:58,522 WARN [org.springframework.web.servlet.PageNotFound] - <No mapping found for HTTP request with URI [/images/kxicon.jpg] in DispatcherServlet with name 'dispatcherServlet'>
2020-06-15 00:28:58,523 WARN [org.springframework.web.servlet.PageNotFound] - <No mapping found for HTTP request with URI [/images/bottom_sm.png] in DispatcherServlet with name 'dispatcherServlet'>
2020-06-15 00:28:58,524 WARN [org.springframework.web.servlet.PageNotFound] - <No mapping found for HTTP request with URI [/images/header.png] in DispatcherServlet with name 'dispatcherServlet'>
2020-06-15 00:28:58,526 WARN [org.springframework.web.servlet.PageNotFound] - <No mapping found for HTTP request with URI [/images/index_icon_new.png] in DispatcherServlet with name 'dispatcherServlet'>
2020-06-15 00:28:58,528 WARN [org.springframework.web.servlet.PageNotFound] - <No mapping found for HTTP request with URI [/images/g_loading.png] in DispatcherServlet with name 'dispatcherServlet'>
2020-06-15 00:28:58,535 WARN [org.springframework.web.servlet.PageNotFound] - <No mapping found for HTTP request with URI [/images/indexsprite.png] in DispatcherServlet with name 'dispatcherServlet'>
2020-06-15 00:28:58,541 WARN [org.springframework.web.servlet.PageNotFound] - <No mapping found for HTTP request with URI [/images/foot/cd.jpg] in DispatcherServlet with name 'dispatcherServlet'>
2020-06-15 00:28:58,541 WARN [org.springframework.web.servlet.PageNotFound] - <No mapping found for HTTP request with URI [/images/foot/qq.jpg] in DispatcherServlet with name 'dispatcherServlet'>
2020-06-15 00:28:58,542 WARN [org.springframework.web.servlet.PageNotFound] - <No mapping found for HTTP request with URI [/images/foot/qc.jpg] in DispatcherServlet with name 'dispatcherServlet'>
2020-06-15 00:28:58,545 WARN [org.springframework.web.servlet.PageNotFound] - <No mapping found for HTTP request with URI [/images/foot/sf.jpg] in DispatcherServlet with name 'dispatcherServlet'>
2020-06-15 00:28:58,548 WARN [org.springframework.web.servlet.PageNotFound] - <No mapping found for HTTP request with URI [/images/foot/logo.jpg] in DispatcherServlet with name 'dispatcherServlet'>
2020-06-15 00:28:58,556 WARN [org.springframework.web.servlet.PageNotFound] - <No mapping found for HTTP request with URI [/images/foot_bottom.png] in DispatcherServlet with name 'dispatcherServlet'>
2020-06-15 00:29:09,238 INFO [org.springframework.web.context.ContextLoader] - <Root WebApplicationContext: initialization started>
2020-06-15 00:29:09,281 INFO [org.springframework.web.context.support.XmlWebApplicationContext] - <Refreshing Root WebApplicationContext: startup date [Mon Jun 15 00:29:09 CST 2020]; root of context hierarchy>
2020-06-15 00:29:09,316 INFO [org.springframework.beans.factory.xml.XmlBeanDefinitionReader] - <Loading XML bean definitions from class path resource [spring/manager-service-consumer.xml]>
2020-06-15 00:29:09,429 INFO [com.alibaba.dubbo.common.logger.LoggerFactory] - <using logger: com.alibaba.dubbo.common.logger.log4j.Log4jLoggerAdapter>
2020-06-15 00:29:09,589 INFO [org.springframework.web.context.ContextLoader] - <Root WebApplicationContext: initialization completed in 351 ms>
2020-06-15 00:29:09,642 INFO [org.springframework.web.servlet.DispatcherServlet] - <FrameworkServlet 'dispatcherServlet': initialization started>
2020-06-15 00:29:09,645 INFO [org.springframework.web.context.support.XmlWebApplicationContext] - <Refreshing WebApplicationContext for namespace 'dispatcherServlet-servlet': startup date [Mon Jun 15 00:29:09 CST 2020]; parent: Root WebApplicationContext>
2020-06-15 00:29:09,645 INFO [org.springframework.beans.factory.xml.XmlBeanDefinitionReader] - <Loading XML bean definitions from class path resource [spring/springmvc.xml]>
2020-06-15 00:29:09,842 INFO [org.springframework.beans.factory.annotation.AutowiredAnnotationBeanPostProcessor] - <JSR-330 'javax.inject.Inject' annotation found and supported for autowiring>
2020-06-15 00:29:10,415 INFO [org.springframework.web.servlet.mvc.method.annotation.RequestMappingHandlerAdapter] - <Looking for @ControllerAdvice: WebApplicationContext for namespace 'dispatcherServlet-servlet': startup date [Mon Jun 15 00:29:09 CST 2020]; parent: Root WebApplicationContext>
2020-06-15 00:29:10,482 INFO [org.springframework.web.servlet.mvc.method.annotation.RequestMappingHandlerAdapter] - <Looking for @ControllerAdvice: WebApplicationContext for namespace 'dispatcherServlet-servlet': startup date [Mon Jun 15 00:29:09 CST 2020]; parent: Root WebApplicationContext>
2020-06-15 00:29:10,596 INFO [org.springframework.web.servlet.mvc.method.annotation.RequestMappingHandlerAdapter] - <Looking for @ControllerAdvice: WebApplicationContext for namespace 'dispatcherServlet-servlet': startup date [Mon Jun 15 00:29:09 CST 2020]; parent: Root WebApplicationContext>
2020-06-15 00:29:10,676 INFO [org.springframework.web.servlet.handler.SimpleUrlHandlerMapping] - <Mapped URL path [/css/**] onto handler 'org.springframework.web.servlet.resource.ResourceHttpRequestHandler#0'>
2020-06-15 00:29:10,680 INFO [org.springframework.web.servlet.handler.SimpleUrlHandlerMapping] - <Mapped URL path [/img/**] onto handler 'org.springframework.web.servlet.resource.ResourceHttpRequestHandler#1'>
2020-06-15 00:29:10,683 INFO [org.springframework.web.servlet.handler.SimpleUrlHandlerMapping] - <Mapped URL path [/js/**] onto handler 'org.springframework.web.servlet.resource.ResourceHttpRequestHandler#2'>
2020-06-15 00:29:10,806 INFO [org.springframework.web.servlet.DispatcherServlet] - <FrameworkServlet 'dispatcherServlet': initialization completed in 1164 ms>
2020-06-15 00:30:07,164 WARN [org.springframework.web.servlet.PageNotFound] - <No mapping found for HTTP request with URI [/images/html/logo_word.jpg] in DispatcherServlet with name 'dispatcherServlet'>
2020-06-15 00:30:07,164 WARN [org.springframework.web.servlet.PageNotFound] - <No mapping found for HTTP request with URI [/images/html/20160829181637762.gif] in DispatcherServlet with name 'dispatcherServlet'>
2020-06-15 00:30:07,227 WARN [org.springframework.web.servlet.PageNotFound] - <No mapping found for HTTP request with URI [/images/html/1463455028.jpg] in DispatcherServlet with name 'dispatcherServlet'>
2020-06-15 00:30:07,233 WARN [org.springframework.web.servlet.PageNotFound] - <No mapping found for HTTP request with URI [/images/html/1463456854.jpg] in DispatcherServlet with name 'dispatcherServlet'>
2020-06-15 00:30:07,235 WARN [org.springframework.web.servlet.PageNotFound] - <No mapping found for HTTP request with URI [/images/html/1468837571.jpg] in DispatcherServlet with name 'dispatcherServlet'>
2020-06-15 00:30:07,236 WARN [org.springframework.web.servlet.PageNotFound] - <No mapping found for HTTP request with URI [/images/html/1471311447.jpg] in DispatcherServlet with name 'dispatcherServlet'>
2020-06-15 00:30:07,236 WARN [org.springframework.web.servlet.PageNotFound] - <No mapping found for HTTP request with URI [/images/html/1472521250.jpg] in DispatcherServlet with name 'dispatcherServlet'>
2020-06-15 00:30:07,236 WARN [org.springframework.web.servlet.PageNotFound] - <No mapping found for HTTP request with URI [/images/html/1472521203.jpg] in DispatcherServlet with name 'dispatcherServlet'>
2020-06-15 00:30:07,240 WARN [org.springframework.web.servlet.PageNotFound] - <No mapping found for HTTP request with URI [/images/html/1472521236.jpg] in DispatcherServlet with name 'dispatcherServlet'>
2020-06-15 00:30:07,249 WARN [org.springframework.web.servlet.PageNotFound] - <No mapping found for HTTP request with URI [/images/html/1471311388.jpg] in DispatcherServlet with name 'dispatcherServlet'>
2020-06-15 00:30:07,250 WARN [org.springframework.web.servlet.PageNotFound] - <No mapping found for HTTP request with URI [/images/html/7a80fda907bf5107f6967add2a304a51.jpg] in DispatcherServlet with name 'dispatcherServlet'>
2020-06-15 00:30:07,251 WARN [org.springframework.web.servlet.PageNotFound] - <No mapping found for HTTP request with URI [/images/html/51e357022c1f826f13211222831a4b13.jpg] in DispatcherServlet with name 'dispatcherServlet'>
2020-06-15 00:30:07,250 WARN [org.springframework.web.servlet.PageNotFound] - <No mapping found for HTTP request with URI [/images/html/ddf3f66b114f3a3bfbbe0b47693cdbf0.jpg] in DispatcherServlet with name 'dispatcherServlet'>
2020-06-15 00:30:07,254 WARN [org.springframework.web.servlet.PageNotFound] - <No mapping found for HTTP request with URI [/images/html/838abc2055e36f423701de255bbc9914.jpg] in DispatcherServlet with name 'dispatcherServlet'>
2020-06-15 00:30:07,255 WARN [org.springframework.web.servlet.PageNotFound] - <No mapping found for HTTP request with URI [/images/html/95256f5b2857ec28914f631532508d76.jpg] in DispatcherServlet with name 'dispatcherServlet'>
2020-06-15 00:30:07,264 WARN [org.springframework.web.servlet.PageNotFound] - <No mapping found for HTTP request with URI [/images/html/49111b8189bf71370cdb145f8fdb1195.jpg] in DispatcherServlet with name 'dispatcherServlet'>
2020-06-15 00:30:07,264 WARN [org.springframework.web.servlet.PageNotFound] - <No mapping found for HTTP request with URI [/images/html/cf33d7d36f1128577782ded21fe812a9.jpg] in DispatcherServlet with name 'dispatcherServlet'>
2020-06-15 00:30:07,264 WARN [org.springframework.web.servlet.PageNotFound] - <No mapping found for HTTP request with URI [/images/html/2a3ba6ffb33d8fca0dc848f94e3d99d8.jpg] in DispatcherServlet with name 'dispatcherServlet'>
2020-06-15 00:30:07,264 WARN [org.springframework.web.servlet.PageNotFound] - <No mapping found for HTTP request with URI [/images/cate_bg.jpg] in DispatcherServlet with name 'dispatcherServlet'>
2020-06-15 00:30:07,265 WARN [org.springframework.web.servlet.PageNotFound] - <No mapping found for HTTP request with URI [/images/left_lm_m_a.png] in DispatcherServlet with name 'dispatcherServlet'>
2020-06-15 00:30:07,266 WARN [org.springframework.web.servlet.PageNotFound] - <No mapping found for HTTP request with URI [/images/logo66.png] in DispatcherServlet with name 'dispatcherServlet'>
2020-06-15 00:30:07,273 WARN [org.springframework.web.servlet.PageNotFound] - <No mapping found for HTTP request with URI [/images/html/c3449a684bebe21f5b6c6c79e46791ff.jpg] in DispatcherServlet with name 'dispatcherServlet'>
2020-06-15 00:30:07,273 WARN [org.springframework.web.servlet.PageNotFound] - <No mapping found for HTTP request with URI [/images/html/042cc65a4fb9899878f2f37235ca1793.jpg] in DispatcherServlet with name 'dispatcherServlet'>
2020-06-15 00:30:07,274 WARN [org.springframework.web.servlet.PageNotFound] - <No mapping found for HTTP request with URI [/images/goods/7cc96c14e10f6ed8db28b4b1efdfdb07.jpg] in DispatcherServlet with name 'dispatcherServlet'>
2020-06-15 00:30:07,275 WARN [org.springframework.web.servlet.PageNotFound] - <No mapping found for HTTP request with URI [/images/goods/c11e0d59289782b09ea1cbcb98070017.jpg] in DispatcherServlet with name 'dispatcherServlet'>
2020-06-15 00:30:07,276 WARN [org.springframework.web.servlet.PageNotFound] - <No mapping found for HTTP request with URI [/images/goods/751d2091c008c2a49c1934545730f041.jpg] in DispatcherServlet with name 'dispatcherServlet'>
2020-06-15 00:30:07,282 WARN [org.springframework.web.servlet.PageNotFound] - <No mapping found for HTTP request with URI [/images/goods/8f42d6d2deead3da7d50c8a702a3c939.jpg] in DispatcherServlet with name 'dispatcherServlet'>
2020-06-15 00:30:07,283 WARN [org.springframework.web.servlet.PageNotFound] - <No mapping found for HTTP request with URI [/images/goods/26336113289bf7273823080488a9d200.jpg] in DispatcherServlet with name 'dispatcherServlet'>
2020-06-15 00:30:07,284 WARN [org.springframework.web.servlet.PageNotFound] - <No mapping found for HTTP request with URI [/images/goods/160x160-2.jpg] in DispatcherServlet with name 'dispatcherServlet'>
2020-06-15 00:30:07,285 WARN [org.springframework.web.servlet.PageNotFound] - <No mapping found for HTTP request with URI [/images/goods/160x160-1.jpg] in DispatcherServlet with name 'dispatcherServlet'>
2020-06-15 00:30:07,290 WARN [org.springframework.web.servlet.PageNotFound] - <No mapping found for HTTP request with URI [/images/goods/160x160-3.jpg] in DispatcherServlet with name 'dispatcherServlet'>
2020-06-15 00:30:07,293 WARN [org.springframework.web.servlet.PageNotFound] - <No mapping found for HTTP request with URI [/images/goods/160x160-5.jpg] in DispatcherServlet with name 'dispatcherServlet'>
2020-06-15 00:30:07,293 WARN [org.springframework.web.servlet.PageNotFound] - <No mapping found for HTTP request with URI [/images/goods/160x160-4.jpg] in DispatcherServlet with name 'dispatcherServlet'>
2020-06-15 00:30:07,294 WARN [org.springframework.web.servlet.PageNotFound] - <No mapping found for HTTP request with URI [/images/goods/160x160-6.jpg] in DispatcherServlet with name 'dispatcherServlet'>
2020-06-15 00:30:07,297 WARN [org.springframework.web.servlet.PageNotFound] - <No mapping found for HTTP request with URI [/images/goods/160x160-7.jpg] in DispatcherServlet with name 'dispatcherServlet'>
2020-06-15 00:30:07,302 WARN [org.springframework.web.servlet.PageNotFound] - <No mapping found for HTTP request with URI [/images/goods/160x160-8.jpg] in DispatcherServlet with name 'dispatcherServlet'>
2020-06-15 00:30:07,304 WARN [org.springframework.web.servlet.PageNotFound] - <No mapping found for HTTP request with URI [/images/kxicon.jpg] in DispatcherServlet with name 'dispatcherServlet'>
2020-06-15 00:30:07,305 WARN [org.springframework.web.servlet.PageNotFound] - <No mapping found for HTTP request with URI [/images/header.png] in DispatcherServlet with name 'dispatcherServlet'>
2020-06-15 00:30:07,306 WARN [org.springframework.web.servlet.PageNotFound] - <No mapping found for HTTP request with URI [/images/bottom_sm.png] in DispatcherServlet with name 'dispatcherServlet'>
2020-06-15 00:30:07,316 WARN [org.springframework.web.servlet.PageNotFound] - <No mapping found for HTTP request with URI [/images/g_loading.png] in DispatcherServlet with name 'dispatcherServlet'>
2020-06-15 00:30:07,317 WARN [org.springframework.web.servlet.PageNotFound] - <No mapping found for HTTP request with URI [/images/index_icon_new.png] in DispatcherServlet with name 'dispatcherServlet'>
2020-06-15 00:30:07,319 WARN [org.springframework.web.servlet.PageNotFound] - <No mapping found for HTTP request with URI [/images/indexsprite.png] in DispatcherServlet with name 'dispatcherServlet'>
2020-06-15 00:30:07,321 WARN [org.springframework.web.servlet.PageNotFound] - <No mapping found for HTTP request with URI [/images/foot/qc.jpg] in DispatcherServlet with name 'dispatcherServlet'>
2020-06-15 00:30:07,323 WARN [org.springframework.web.servlet.PageNotFound] - <No mapping found for HTTP request with URI [/images/foot/qq.jpg] in DispatcherServlet with name 'dispatcherServlet'>
2020-06-15 00:30:07,321 WARN [org.springframework.web.servlet.PageNotFound] - <No mapping found for HTTP request with URI [/images/foot/cd.jpg] in DispatcherServlet with name 'dispatcherServlet'>
2020-06-15 00:30:07,334 WARN [org.springframework.web.servlet.PageNotFound] - <No mapping found for HTTP request with URI [/images/foot/logo.jpg] in DispatcherServlet with name 'dispatcherServlet'>
2020-06-15 00:30:07,335 WARN [org.springframework.web.servlet.PageNotFound] - <No mapping found for HTTP request with URI [/images/foot/sf.jpg] in DispatcherServlet with name 'dispatcherServlet'>
2020-06-15 00:30:07,336 WARN [org.springframework.web.servlet.PageNotFound] - <No mapping found for HTTP request with URI [/images/foot_bottom.png] in DispatcherServlet with name 'dispatcherServlet'>
2020-06-15 00:33:42,210 INFO [org.springframework.web.context.ContextLoader] - <Root WebApplicationContext: initialization started>
2020-06-15 00:33:42,252 INFO [org.springframework.web.context.support.XmlWebApplicationContext] - <Refreshing Root WebApplicationContext: startup date [Mon Jun 15 00:33:42 CST 2020]; root of context hierarchy>
2020-06-15 00:33:42,281 INFO [org.springframework.beans.factory.xml.XmlBeanDefinitionReader] - <Loading XML bean definitions from class path resource [spring/manager-service-consumer.xml]>
2020-06-15 00:33:42,381 INFO [com.alibaba.dubbo.common.logger.LoggerFactory] - <using logger: com.alibaba.dubbo.common.logger.log4j.Log4jLoggerAdapter>
2020-06-15 00:33:42,547 INFO [org.springframework.web.context.ContextLoader] - <Root WebApplicationContext: initialization completed in 337 ms>
2020-06-15 00:33:42,604 INFO [org.springframework.web.servlet.DispatcherServlet] - <FrameworkServlet 'dispatcherServlet': initialization started>
2020-06-15 00:33:42,608 INFO [org.springframework.web.context.support.XmlWebApplicationContext] - <Refreshing WebApplicationContext for namespace 'dispatcherServlet-servlet': startup date [Mon Jun 15 00:33:42 CST 2020]; parent: Root WebApplicationContext>
2020-06-15 00:33:42,608 INFO [org.springframework.beans.factory.xml.XmlBeanDefinitionReader] - <Loading XML bean definitions from class path resource [spring/springmvc.xml]>
2020-06-15 00:33:42,837 INFO [org.springframework.beans.factory.annotation.AutowiredAnnotationBeanPostProcessor] - <JSR-330 'javax.inject.Inject' annotation found and supported for autowiring>
2020-06-15 00:33:43,515 INFO [org.springframework.web.servlet.mvc.method.annotation.RequestMappingHandlerAdapter] - <Looking for @ControllerAdvice: WebApplicationContext for namespace 'dispatcherServlet-servlet': startup date [Mon Jun 15 00:33:42 CST 2020]; parent: Root WebApplicationContext>
2020-06-15 00:33:43,574 INFO [org.springframework.web.servlet.mvc.method.annotation.RequestMappingHandlerAdapter] - <Looking for @ControllerAdvice: WebApplicationContext for namespace 'dispatcherServlet-servlet': startup date [Mon Jun 15 00:33:42 CST 2020]; parent: Root WebApplicationContext>
2020-06-15 00:33:43,659 INFO [org.springframework.web.servlet.mvc.method.annotation.RequestMappingHandlerAdapter] - <Looking for @ControllerAdvice: WebApplicationContext for namespace 'dispatcherServlet-servlet': startup date [Mon Jun 15 00:33:42 CST 2020]; parent: Root WebApplicationContext>
2020-06-15 00:33:43,736 INFO [org.springframework.web.servlet.handler.SimpleUrlHandlerMapping] - <Mapped URL path [/css/**] onto handler 'org.springframework.web.servlet.resource.ResourceHttpRequestHandler#0'>
2020-06-15 00:33:43,741 INFO [org.springframework.web.servlet.handler.SimpleUrlHandlerMapping] - <Mapped URL path [/images/**] onto handler 'org.springframework.web.servlet.resource.ResourceHttpRequestHandler#1'>
2020-06-15 00:33:43,745 INFO [org.springframework.web.servlet.handler.SimpleUrlHandlerMapping] - <Mapped URL path [/js/**] onto handler 'org.springframework.web.servlet.resource.ResourceHttpRequestHandler#2'>
2020-06-15 00:33:43,842 INFO [org.springframework.web.servlet.DispatcherServlet] - <FrameworkServlet 'dispatcherServlet': initialization completed in 1238 ms>
